<?xml version="1.0" encoding="UTF-8"?>
<!-- Generated by org.testng.reporters.JUnitReportReporter -->
<testsuite skipped="0" hostname="DESKTOP-KLAJQQR" name="execution.ExecuteERP" tests="6" failures="0" timestamp="2020-08-11T09:26:28 GMT-04:00" time="24.235" errors="0">
  <testcase name="setCompanyProfile" time="4.968" classname="execution.ExecuteERP"/>
  <system-out/>
  <testcase name="LoginTest" time="1.907" classname="execution.ExecuteERP"/>
  <system-out/>
  <testcase name="ClickOnCompanyProfile" time="5.190" classname="execution.ExecuteERP"/>
  <system-out/>
  <testcase name="assignAdminrole" time="3.143" classname="execution.ExecuteERP"/>
  <system-out/>
  <testcase name="createUser" time="5.494" classname="execution.ExecuteERP"/>
  <system-out/>
  <testcase name="clickOnSettings" time="3.533" classname="execution.ExecuteERP"/>
  <system-out/>
</testsuite> <!-- execution.ExecuteERP -->
